  [1m[36mSQL (1.0ms)[0m  [1m SELECT name
 FROM sqlite_master
 WHERE type = 'table' AND NOT name = 'sqlite_sequence'
[0m
  [1m[35mSQL (0.1ms)[0m  select sqlite_version(*)
  [1m[36mSQL (30.4ms)[0m  [1mCREATE TABLE "schema_migrations" ("version" varchar(255) NOT NULL) [0m
  [1m[35mSQL (0.1ms)[0m  PRAGMA index_list("schema_migrations")
  [1m[36mSQL (9.6ms)[0m  [1mCREATE UNIQUE INDEX "unique_schema_migrations" ON "schema_migrations" ("version")[0m
  [1m[35mSQL (0.2ms)[0m   SELECT name
 FROM sqlite_master
 WHERE type = 'table' AND NOT name = 'sqlite_sequence'
  [1m[36mSQL (0.2ms)[0m  [1m SELECT name
 FROM sqlite_master
 WHERE type = 'table' AND NOT name = 'sqlite_sequence'
[0m
  [1m[35mSQL (0.1ms)[0m  SELECT "schema_migrations"."version" FROM "schema_migrations"
Migrating to CreateUsers (20110107060307)
  [1m[36mSQL (0.5ms)[0m  [1mCREATE TABLE "users" ("id" INTEGER PRIMARY KEY AUTOINCREMENT NOT NULL, "name" varchar(255), "location" varchar(255), "current_position" varchar(255), "school" varchar(255), "major" varchar(255), "total_years_experience" integer, "email" varchar(255), "password" varchar(255), "phone" integer, "interests" text, "created_at" datetime, "updated_at" datetime) [0m
  [1m[35mSQL (0.1ms)[0m  INSERT INTO "schema_migrations" ("version") VALUES ('20110107060307')
  [1m[36mSQL (0.3ms)[0m  [1m SELECT name
 FROM sqlite_master
 WHERE type = 'table' AND NOT name = 'sqlite_sequence'
[0m
  [1m[35mSQL (0.1ms)[0m  SELECT "schema_migrations"."version" FROM "schema_migrations"
  [1m[36mSQL (0.3ms)[0m  [1m SELECT name
 FROM sqlite_master
 WHERE type = 'table' AND NOT name = 'sqlite_sequence'
[0m
  [1m[35mSQL (0.0ms)[0m  PRAGMA index_list("users")


Started GET "/users" for 127.0.0.1 at Thu Jan 06 20:06:35 -1000 2011
  Processing by UsersController#index as HTML
  [1m[36mUser Load (1.0ms)[0m  [1mSELECT "users".* FROM "users"[0m
Rendered users/index.html.erb within layouts/application (2.9ms)
Completed 200 OK in 43ms (Views: 8.3ms | ActiveRecord: 1.0ms)


Started GET "/users/new" for 127.0.0.1 at Thu Jan 06 20:06:38 -1000 2011
  Processing by UsersController#new as HTML
Rendered users/_form.html.erb (110.8ms)
Rendered users/new.html.erb within layouts/application (115.2ms)
Completed 200 OK in 170ms (Views: 152.0ms | ActiveRecord: 0.0ms)


Started POST "/users" for 127.0.0.1 at Thu Jan 06 20:07:16 -1000 2011
  Processing by UsersController#create as HTML
  Parameters: {"commit"=>"Create User", "authenticity_token"=>"Oii6ZPC2iTBIlPLZkDI4fnThQUahNC/7MxLeHAZSq5A=", "utf8"=>"✓", "user"=>{"interests"=>"The Beatles", "school"=>"Rose-Hulman Institute of Technology", "name"=>"Darren Haffner", "location"=>"Terre Haute, IN", "current_position"=>"Student", "major"=>"Software Engineering", "phone"=>"8125555555", "total_years_experience"=>"5", "password"=>"[FILTERED]", "email"=>"haffnedm@rose-hulman.edu"}}
  [1m[35mSQL (0.6ms)[0m   SELECT name
 FROM sqlite_master
 WHERE type = 'table' AND NOT name = 'sqlite_sequence'
  [1m[36mUser Load (0.1ms)[0m  [1mSELECT "users"."id" FROM "users" WHERE ("users"."email" = 'haffnedm@rose-hulman.edu') LIMIT 1[0m
  [1m[35mUser Load (0.1ms)[0m  SELECT "users"."id" FROM "users" WHERE ("users"."phone" = 8125555555) LIMIT 1
  [1m[36mAREL (1.2ms)[0m  [1mINSERT INTO "users" ("email", "interests", "current_position", "name", "phone", "created_at", "location", "password", "major", "school", "total_years_experience", "updated_at") VALUES ('haffnedm@rose-hulman.edu', 'The Beatles', 'Student', 'Darren Haffner', 8125555555, '2011-01-07 06:07:17.115724', 'Terre Haute, IN', 'quiteunsafe', 'Software Engineering', 'Rose-Hulman Institute of Technology', 5, '2011-01-07 06:07:17.115724')[0m
Redirected to http://localhost:3000/users/1
Completed 302 Found in 112ms


Started GET "/users/1" for 127.0.0.1 at Thu Jan 06 20:07:17 -1000 2011
  Processing by UsersController#show as HTML
  Parameters: {"id"=>"1"}
  [1m[35mUser Load (0.4ms)[0m  SELECT "users".* FROM "users" WHERE ("users"."id" = 1) LIMIT 1
Rendered users/show.html.erb within layouts/application (28.6ms)
Completed 200 OK in 75ms (Views: 41.7ms | ActiveRecord: 2.4ms)


Started GET "/users" for 127.0.0.1 at Thu Jan 06 20:07:20 -1000 2011
  Processing by UsersController#index as HTML
  [1m[36mUser Load (0.7ms)[0m  [1mSELECT "users".* FROM "users"[0m
Rendered users/index.html.erb within layouts/application (96.8ms)
Completed 200 OK in 135ms (Views: 104.8ms | ActiveRecord: 0.7ms)


Started GET "/users/new" for 127.0.0.1 at Thu Jan 06 20:07:24 -1000 2011
  Processing by UsersController#new as HTML
Rendered users/_form.html.erb (21.5ms)
Rendered users/new.html.erb within layouts/application (27.0ms)
Completed 200 OK in 58ms (Views: 37.1ms | ActiveRecord: 0.0ms)


Started POST "/users" for 127.0.0.1 at Thu Jan 06 20:07:29 -1000 2011
  Processing by UsersController#create as HTML
  Parameters: {"commit"=>"Create User", "authenticity_token"=>"Oii6ZPC2iTBIlPLZkDI4fnThQUahNC/7MxLeHAZSq5A=", "utf8"=>"✓", "user"=>{"interests"=>"", "school"=>"", "name"=>"", "location"=>"", "current_position"=>"", "major"=>"", "phone"=>"", "total_years_experience"=>"", "password"=>"[FILTERED]", "email"=>""}}
  [1m[35mUser Load (0.2ms)[0m  SELECT "users"."id" FROM "users" WHERE ("users"."email" = '') LIMIT 1
Rendered users/_form.html.erb (29.4ms)
Rendered users/new.html.erb within layouts/application (121.1ms)
Completed 200 OK in 214ms (Views: 128.3ms | ActiveRecord: 0.2ms)


Started GET "/users" for 127.0.0.1 at Thu Jan 06 20:07:40 -1000 2011
  Processing by UsersController#index as HTML
  [1m[36mUser Load (7.1ms)[0m  [1mSELECT "users".* FROM "users"[0m
Rendered users/index.html.erb within layouts/application (18.2ms)
Completed 200 OK in 50ms (Views: 25.0ms | ActiveRecord: 7.1ms)
  [1m[36mSQL (1.2ms)[0m  [1m SELECT name
 FROM sqlite_master
 WHERE type = 'table' AND NOT name = 'sqlite_sequence'
[0m
  [1m[35mSQL (0.1ms)[0m   SELECT name
 FROM sqlite_master
 WHERE type = 'table' AND NOT name = 'sqlite_sequence'
  [1m[36mSQL (0.1ms)[0m  [1mSELECT "schema_migrations"."version" FROM "schema_migrations"[0m
Migrating to CreateUsers (20110107060307)
Migrating to CreateMentees (20110107061007)
  [1m[35mSQL (0.1ms)[0m  select sqlite_version(*)
  [1m[36mSQL (1.1ms)[0m  [1m SELECT name
 FROM sqlite_master
 WHERE type = 'table' AND NOT name = 'sqlite_sequence'
[0m
  [1m[35mSQL (0.1ms)[0m   SELECT name
 FROM sqlite_master
 WHERE type = 'table' AND NOT name = 'sqlite_sequence'
  [1m[36mSQL (0.1ms)[0m  [1mSELECT "schema_migrations"."version" FROM "schema_migrations"[0m
  [1m[35mSQL (0.1ms)[0m   SELECT name
 FROM sqlite_master
 WHERE type = 'table' AND NOT name = 'sqlite_sequence'
  [1m[36mSQL (0.1ms)[0m  [1mSELECT "schema_migrations"."version" FROM "schema_migrations"[0m
Migrating to CreateUsers (20110107060307)
  [1m[35mSQL (0.1ms)[0m  select sqlite_version(*)
  [1m[36mSQL (0.7ms)[0m  [1mDROP TABLE "users"[0m
  [1m[35mAREL (0.1ms)[0m  DELETE FROM "schema_migrations" WHERE "schema_migrations"."version" = '20110107060307'
  [1m[36mSQL (0.2ms)[0m  [1m SELECT name
 FROM sqlite_master
 WHERE type = 'table' AND NOT name = 'sqlite_sequence'
[0m
  [1m[35mSQL (0.1ms)[0m  SELECT "schema_migrations"."version" FROM "schema_migrations"
  [1m[36mSQL (0.1ms)[0m  [1m SELECT name
 FROM sqlite_master
 WHERE type = 'table' AND NOT name = 'sqlite_sequence'
[0m
  [1m[36mSQL (1.2ms)[0m  [1m SELECT name
 FROM sqlite_master
 WHERE type = 'table' AND NOT name = 'sqlite_sequence'
[0m
  [1m[35mSQL (0.1ms)[0m   SELECT name
 FROM sqlite_master
 WHERE type = 'table' AND NOT name = 'sqlite_sequence'
  [1m[36mSQL (0.1ms)[0m  [1mSELECT "schema_migrations"."version" FROM "schema_migrations"[0m
  [1m[35mSQL (0.1ms)[0m  select sqlite_version(*)
  [1m[36mSQL (0.1ms)[0m  [1m SELECT name
 FROM sqlite_master
 WHERE type = 'table' AND NOT name = 'sqlite_sequence'
[0m
  [1m[35mSQL (0.1ms)[0m  SELECT "schema_migrations"."version" FROM "schema_migrations"
  [1m[36mSQL (0.1ms)[0m  [1m SELECT name
 FROM sqlite_master
 WHERE type = 'table' AND NOT name = 'sqlite_sequence'
[0m
  [1m[36mSQL (1.3ms)[0m  [1m SELECT name
 FROM sqlite_master
 WHERE type = 'table' AND NOT name = 'sqlite_sequence'
[0m
  [1m[35mSQL (0.1ms)[0m   SELECT name
 FROM sqlite_master
 WHERE type = 'table' AND NOT name = 'sqlite_sequence'
  [1m[36mSQL (0.1ms)[0m  [1mSELECT "schema_migrations"."version" FROM "schema_migrations"[0m
Migrating to CreateUsers (20110107060307)
  [1m[35mSQL (0.1ms)[0m  select sqlite_version(*)
  [1m[36mSQL (1.6ms)[0m  [1mCREATE TABLE "users" ("id" INTEGER PRIMARY KEY AUTOINCREMENT NOT NULL, "name" varchar(255), "location" varchar(255), "current_position" varchar(255), "school" varchar(255), "major" varchar(255), "total_years_experience" integer, "email" varchar(255), "password" varchar(255), "phone" integer, "interests" text, "created_at" datetime, "updated_at" datetime) [0m
  [1m[35mSQL (0.2ms)[0m  INSERT INTO "schema_migrations" ("version") VALUES ('20110107060307')
Migrating to CreateMentors (20110107061652)
  [1m[36mSQL (0.3ms)[0m  [1mCREATE TABLE "mentors" ("id" INTEGER PRIMARY KEY AUTOINCREMENT NOT NULL, "user_id" integer, "created_at" datetime, "updated_at" datetime) [0m
  [1m[35mSQL (0.1ms)[0m  INSERT INTO "schema_migrations" ("version") VALUES ('20110107061652')
Migrating to CreateMentees (20110107061706)
  [1m[36mSQL (0.4ms)[0m  [1mCREATE TABLE "mentees" ("id" INTEGER PRIMARY KEY AUTOINCREMENT NOT NULL, "user_id" integer, "created_at" datetime, "updated_at" datetime) [0m
  [1m[35mSQL (0.2ms)[0m  INSERT INTO "schema_migrations" ("version") VALUES ('20110107061706')
  [1m[36mSQL (0.3ms)[0m  [1m SELECT name
 FROM sqlite_master
 WHERE type = 'table' AND NOT name = 'sqlite_sequence'
[0m
  [1m[35mSQL (0.2ms)[0m  SELECT "schema_migrations"."version" FROM "schema_migrations"
  [1m[36mSQL (0.1ms)[0m  [1m SELECT name
 FROM sqlite_master
 WHERE type = 'table' AND NOT name = 'sqlite_sequence'
[0m
  [1m[35mSQL (0.0ms)[0m  PRAGMA index_list("mentees")
  [1m[36mSQL (0.0ms)[0m  [1mPRAGMA index_list("mentors")[0m
  [1m[35mSQL (0.0ms)[0m  PRAGMA index_list("users")
  [1m[36mSQL (1.5ms)[0m  [1m SELECT name
 FROM sqlite_master
 WHERE type = 'table' AND NOT name = 'sqlite_sequence'
[0m
  [1m[35mSQL (0.1ms)[0m   SELECT name
 FROM sqlite_master
 WHERE type = 'table' AND NOT name = 'sqlite_sequence'
  [1m[36mSQL (0.1ms)[0m  [1mSELECT "schema_migrations"."version" FROM "schema_migrations"[0m
Migrating to CreateUsers (20110107060307)
Migrating to CreateMentors (20110107061652)
Migrating to CreateMentees (20110107061706)
  [1m[35mSQL (0.1ms)[0m  select sqlite_version(*)
  [1m[36mSQL (0.2ms)[0m  [1m SELECT name
 FROM sqlite_master
 WHERE type = 'table' AND NOT name = 'sqlite_sequence'
[0m
  [1m[35mSQL (0.1ms)[0m  SELECT "schema_migrations"."version" FROM "schema_migrations"
  [1m[36mSQL (0.1ms)[0m  [1m SELECT name
 FROM sqlite_master
 WHERE type = 'table' AND NOT name = 'sqlite_sequence'
[0m
  [1m[35mSQL (0.0ms)[0m  PRAGMA index_list("mentees")
  [1m[36mSQL (0.1ms)[0m  [1mPRAGMA index_list("mentors")[0m
  [1m[35mSQL (0.0ms)[0m  PRAGMA index_list("users")


Started GET "/users" for 127.0.0.1 at Thu Jan 06 20:20:57 -1000 2011
  Processing by UsersController#index as HTML
  [1m[36mUser Load (1.5ms)[0m  [1mSELECT "users".* FROM "users"[0m
Rendered users/index.html.erb within layouts/application (3.4ms)
Completed 200 OK in 45ms (Views: 8.7ms | ActiveRecord: 1.5ms)


Started GET "/users/new" for 127.0.0.1 at Thu Jan 06 20:20:59 -1000 2011
  Processing by UsersController#new as HTML
Rendered users/_form.html.erb (40.9ms)
Rendered users/new.html.erb within layouts/application (56.2ms)
Completed 200 OK in 96ms (Views: 69.9ms | ActiveRecord: 0.0ms)


Started POST "/users" for 127.0.0.1 at Thu Jan 06 20:21:03 -1000 2011
  Processing by UsersController#create as HTML
  Parameters: {"commit"=>"Create User", "authenticity_token"=>"Oii6ZPC2iTBIlPLZkDI4fnThQUahNC/7MxLeHAZSq5A=", "utf8"=>"✓", "user"=>{"interests"=>"", "school"=>"", "name"=>"", "location"=>"", "current_position"=>"", "major"=>"", "phone"=>"", "total_years_experience"=>"", "password"=>"[FILTERED]", "email"=>""}}
  [1m[35mSQL (0.3ms)[0m   SELECT name
 FROM sqlite_master
 WHERE type = 'table' AND NOT name = 'sqlite_sequence'
  [1m[36mUser Load (8.4ms)[0m  [1mSELECT "users"."id" FROM "users" WHERE ("users"."email" = '') LIMIT 1[0m
Rendered users/_form.html.erb (21.7ms)
Rendered users/new.html.erb within layouts/application (25.5ms)
Completed 200 OK in 98ms (Views: 32.6ms | ActiveRecord: 8.7ms)


Started POST "/users" for 127.0.0.1 at Thu Jan 06 20:22:48 -1000 2011
  Processing by UsersController#create as HTML
  Parameters: {"commit"=>"Create User", "authenticity_token"=>"Oii6ZPC2iTBIlPLZkDI4fnThQUahNC/7MxLeHAZSq5A=", "utf8"=>"✓", "user"=>{"interests"=>"The Beatles\r\nEric Clapton\r\nFleet Foxes\r\nRush\r\n", "school"=>"Rose-Hulman Institute of Technology", "name"=>"Darren Haffner", "location"=>"Terre Haute, IN", "current_position"=>"Student", "major"=>"Software Engineering", "phone"=>"8125555555", "total_years_experience"=>"5", "password"=>"[FILTERED]", "email"=>"haffnedm@rose-hulman.edu"}}
  [1m[35mUser Load (0.1ms)[0m  SELECT "users"."id" FROM "users" WHERE ("users"."email" = 'haffnedm@rose-hulman.edu') LIMIT 1
  [1m[36mUser Load (0.1ms)[0m  [1mSELECT "users"."id" FROM "users" WHERE ("users"."phone" = 8125555555) LIMIT 1[0m
  [1m[35mAREL (0.6ms)[0m  INSERT INTO "users" ("current_position", "interests", "total_years_experience", "password", "created_at", "major", "phone", "updated_at", "location", "email", "school", "name") VALUES ('Student', 'The Beatles
Eric Clapton
Fleet Foxes
Rush
', 5, 'quiteunsafe', '2011-01-07 06:22:49.028648', 'Software Engineering', 8125555555, '2011-01-07 06:22:49.028648', 'Terre Haute, IN', 'haffnedm@rose-hulman.edu', 'Rose-Hulman Institute of Technology', 'Darren Haffner')
Redirected to http://localhost:3000/users/1
Completed 302 Found in 65ms


Started GET "/users/1" for 127.0.0.1 at Thu Jan 06 20:22:49 -1000 2011
  Processing by UsersController#show as HTML
  Parameters: {"id"=>"1"}
  [1m[36mUser Load (0.2ms)[0m  [1mSELECT "users".* FROM "users" WHERE ("users"."id" = 1) LIMIT 1[0m
Rendered users/show.html.erb within layouts/application (14.2ms)
Completed 200 OK in 125ms (Views: 19.8ms | ActiveRecord: 1.1ms)


Started GET "/users" for 127.0.0.1 at Thu Jan 06 20:22:53 -1000 2011
  Processing by UsersController#index as HTML
  [1m[35mUser Load (0.3ms)[0m  SELECT "users".* FROM "users"
Rendered users/index.html.erb within layouts/application (17.1ms)
Completed 200 OK in 70ms (Views: 29.3ms | ActiveRecord: 0.3ms)


Started GET "/mentors" for 127.0.0.1 at Thu Jan 06 20:23:11 -1000 2011
  Processing by MentorsController#index as HTML
  [1m[36mMentor Load (1.1ms)[0m  [1mSELECT "mentors".* FROM "mentors"[0m
Rendered mentors/index.html.erb within layouts/application (3.9ms)
Completed 200 OK in 78ms (Views: 28.1ms | ActiveRecord: 1.1ms)


Started GET "/mentors/new" for 127.0.0.1 at Thu Jan 06 20:23:13 -1000 2011
  Processing by MentorsController#new as HTML
Rendered mentors/_form.html.erb (15.7ms)
Rendered mentors/new.html.erb within layouts/application (20.6ms)
Completed 200 OK in 68ms (Views: 38.6ms | ActiveRecord: 0.0ms)


Started POST "/mentors" for 127.0.0.1 at Thu Jan 06 20:23:17 -1000 2011
  Processing by MentorsController#create as HTML
  Parameters: {"commit"=>"Create Mentor", "mentor"=>{"user"=>"1"}, "authenticity_token"=>"Oii6ZPC2iTBIlPLZkDI4fnThQUahNC/7MxLeHAZSq5A=", "utf8"=>"✓"}
Completed   in 44ms

ActiveRecord::AssociationTypeMismatch (User(#-617072818) expected, got String(#-608062978)):
  app/controllers/mentors_controller.rb:43:in `new'
  app/controllers/mentors_controller.rb:43:in `create'

Rendered /usr/lib/ruby/gems/1.8/gems/actionpack-3.0.3/lib/action_dispatch/middleware/templates/rescues/_trace.erb (1.2ms)
Rendered /usr/lib/ruby/gems/1.8/gems/actionpack-3.0.3/lib/action_dispatch/middleware/templates/rescues/_request_and_response.erb (9.8ms)
Rendered /usr/lib/ruby/gems/1.8/gems/actionpack-3.0.3/lib/action_dispatch/middleware/templates/rescues/diagnostics.erb within rescues/layout (25.2ms)


Started GET "/mentors" for 127.0.0.1 at Thu Jan 06 20:23:43 -1000 2011
  Processing by MentorsController#index as HTML
  [1m[35mMentor Load (0.6ms)[0m  SELECT "mentors".* FROM "mentors"
Rendered mentors/index.html.erb within layouts/application (4.0ms)
Completed 200 OK in 56ms (Views: 25.2ms | ActiveRecord: 0.6ms)


Started GET "/users" for 127.0.0.1 at Thu Jan 06 20:37:48 -1000 2011
  Processing by UsersController#index as HTML
  [1m[36mUser Load (11.8ms)[0m  [1mSELECT "users".* FROM "users"[0m
Rendered users/index.html.erb within layouts/application (47.1ms)
Completed 200 OK in 181ms (Views: 66.0ms | ActiveRecord: 11.8ms)


Started GET "/users/1" for 127.0.0.1 at Thu Jan 06 20:37:53 -1000 2011
  Processing by UsersController#show as HTML
  Parameters: {"id"=>"1"}
  [1m[35mSQL (0.4ms)[0m   SELECT name
 FROM sqlite_master
 WHERE type = 'table' AND NOT name = 'sqlite_sequence'
  [1m[36mUser Load (0.6ms)[0m  [1mSELECT "users".* FROM "users" WHERE ("users"."id" = 1) LIMIT 1[0m
Rendered users/show.html.erb within layouts/application (13.0ms)
Completed 200 OK in 41ms (Views: 18.7ms | ActiveRecord: 1.0ms)


Started GET "/users" for 127.0.0.1 at Thu Jan 06 20:38:04 -1000 2011
  Processing by UsersController#index as HTML
  [1m[35mUser Load (0.7ms)[0m  SELECT "users".* FROM "users"
Rendered users/index.html.erb within layouts/application (25.1ms)
Completed 200 OK in 51ms (Views: 30.4ms | ActiveRecord: 0.7ms)


Started GET "/users/new" for 127.0.0.1 at Thu Jan 06 20:38:50 -1000 2011
  Processing by UsersController#new as HTML
Rendered users/_form.html.erb (70.3ms)
Rendered users/new.html.erb within layouts/application (83.6ms)
Completed 200 OK in 100ms (Views: 89.1ms | ActiveRecord: 0.0ms)


Started POST "/users" for 127.0.0.1 at Thu Jan 06 20:41:47 -1000 2011
  Processing by UsersController#create as HTML
  Parameters: {"commit"=>"Create User", "authenticity_token"=>"Oii6ZPC2iTBIlPLZkDI4fnThQUahNC/7MxLeHAZSq5A=", "utf8"=>"✓", "user"=>{"interests"=>"Zen meditation, lightcycle racing, programming", "school"=>"Caltech", "name"=>"Kevin Flynn", "location"=>"The Grid", "current_position"=>"User in Exile", "major"=>"Computer Science", "phone"=>"5122561024", "total_years_experience"=>"25", "password"=>"[FILTERED]", "email"=>"j.bridges@tron.net"}}
  [1m[36mUser Load (0.2ms)[0m  [1mSELECT "users"."id" FROM "users" WHERE ("users"."email" = 'j.bridges@tron.net') LIMIT 1[0m
  [1m[35mUser Load (0.1ms)[0m  SELECT "users"."id" FROM "users" WHERE ("users"."phone" = 5122561024) LIMIT 1
Rendered users/_form.html.erb (9.8ms)
Rendered users/new.html.erb within layouts/application (12.8ms)
Completed 200 OK in 71ms (Views: 26.3ms | ActiveRecord: 0.3ms)


Started POST "/users" for 127.0.0.1 at Thu Jan 06 20:42:01 -1000 2011
  Processing by UsersController#create as HTML
  Parameters: {"commit"=>"Create User", "authenticity_token"=>"Oii6ZPC2iTBIlPLZkDI4fnThQUahNC/7MxLeHAZSq5A=", "utf8"=>"✓", "user"=>{"interests"=>"Zen meditation, lightcycle racing, programming", "school"=>"Caltech", "name"=>"Kevin Flynn", "location"=>"The Grid", "current_position"=>"User in Exile", "major"=>"Computer Science", "phone"=>"5122561024", "total_years_experience"=>"25", "password"=>"[FILTERED]", "email"=>"j.bridges@tron.net"}}
  [1m[36mUser Load (0.2ms)[0m  [1mSELECT "users"."id" FROM "users" WHERE ("users"."email" = 'j.bridges@tron.net') LIMIT 1[0m
  [1m[35mUser Load (0.1ms)[0m  SELECT "users"."id" FROM "users" WHERE ("users"."phone" = 5122561024) LIMIT 1
Rendered users/_form.html.erb (59.5ms)
Rendered users/new.html.erb within layouts/application (91.6ms)
Completed 200 OK in 220ms (Views: 120.3ms | ActiveRecord: 0.3ms)


Started POST "/users" for 127.0.0.1 at Thu Jan 06 20:42:34 -1000 2011
  Processing by UsersController#create as HTML
  Parameters: {"commit"=>"Create User", "authenticity_token"=>"Oii6ZPC2iTBIlPLZkDI4fnThQUahNC/7MxLeHAZSq5A=", "utf8"=>"✓", "user"=>{"interests"=>"Zen meditation, lightcycle racing, programming", "school"=>"Caltech", "name"=>"Kevin Flynn", "location"=>"The Grid", "current_position"=>"User in Exile", "major"=>"Computer Science", "phone"=>"5122561024", "total_years_experience"=>"25", "password"=>"[FILTERED]", "email"=>"j.bridges@tron.net"}}
Completed   in 3ms

SyntaxError (/home/gouser/Documents/ThoughtWorksVillage/app/models/user.rb:10: syntax error, unexpected ':', expecting kEND):
  app/controllers/users_controller.rb:43:in `create'

Rendered /usr/lib/ruby/gems/1.8/gems/actionpack-3.0.3/lib/action_dispatch/middleware/templates/rescues/_trace.erb (2.1ms)
Rendered /usr/lib/ruby/gems/1.8/gems/actionpack-3.0.3/lib/action_dispatch/middleware/templates/rescues/_request_and_response.erb (11.1ms)
Rendered /usr/lib/ruby/gems/1.8/gems/actionpack-3.0.3/lib/action_dispatch/middleware/templates/rescues/diagnostics.erb within rescues/layout (29.3ms)


Started POST "/users" for 127.0.0.1 at Thu Jan 06 20:43:46 -1000 2011
  Processing by UsersController#create as HTML
  Parameters: {"commit"=>"Create User", "authenticity_token"=>"Oii6ZPC2iTBIlPLZkDI4fnThQUahNC/7MxLeHAZSq5A=", "utf8"=>"✓", "user"=>{"interests"=>"Zen meditation, lightcycle racing, programming", "school"=>"Caltech", "name"=>"Kevin Flynn", "location"=>"The Grid", "current_position"=>"User in Exile", "major"=>"Computer Science", "phone"=>"5122561024", "total_years_experience"=>"25", "password"=>"[FILTERED]", "email"=>"j.bridges@tron.net"}}
  [1m[36mUser Load (0.2ms)[0m  [1mSELECT "users"."id" FROM "users" WHERE ("users"."email" = 'j.bridges@tron.net') LIMIT 1[0m
  [1m[35mUser Load (0.1ms)[0m  SELECT "users"."id" FROM "users" WHERE ("users"."phone" = 5122561024) LIMIT 1
  [1m[36mAREL (0.8ms)[0m  [1mINSERT INTO "users" ("phone", "location", "created_at", "interests", "updated_at", "major", "school", "total_years_experience", "email", "password", "name", "current_position") VALUES (5122561024, 'The Grid', '2011-01-07 06:43:46.697669', 'Zen meditation, lightcycle racing, programming', '2011-01-07 06:43:46.697669', 'Computer Science', 'Caltech', 25, 'j.bridges@tron.net', 'zenthing', 'Kevin Flynn', 'User in Exile')[0m
Redirected to http://localhost:3000/users/2
Completed 302 Found in 80ms


Started GET "/users/2" for 127.0.0.1 at Thu Jan 06 20:43:46 -1000 2011
  Processing by UsersController#show as HTML
  Parameters: {"id"=>"2"}
  [1m[35mUser Load (0.2ms)[0m  SELECT "users".* FROM "users" WHERE ("users"."id" = 2) LIMIT 1
Rendered users/show.html.erb within layouts/application (59.0ms)
Completed 200 OK in 83ms (Views: 64.6ms | ActiveRecord: 1.3ms)


Started GET "/users" for 127.0.0.1 at Thu Jan 06 20:43:51 -1000 2011
  Processing by UsersController#index as HTML
  [1m[36mUser Load (0.7ms)[0m  [1mSELECT "users".* FROM "users"[0m
Rendered users/index.html.erb within layouts/application (20.1ms)
Completed 200 OK in 51ms (Views: 33.9ms | ActiveRecord: 0.7ms)


Started GET "/users/new" for 127.0.0.1 at Thu Jan 06 20:43:59 -1000 2011
  Processing by UsersController#new as HTML
Rendered users/_form.html.erb (21.8ms)
Rendered users/new.html.erb within layouts/application (25.6ms)
Completed 200 OK in 54ms (Views: 31.6ms | ActiveRecord: 0.0ms)


Started GET "/" for 127.0.0.1 at Thu Jan 06 20:54:50 -1000 2011
  Processing by HomeController#index as HTML
Rendered home/index.html.erb within layouts/application (13.2ms)
Completed 200 OK in 20ms (Views: 19.6ms | ActiveRecord: 0.0ms)


Started GET "/images/down.png" for 127.0.0.1 at Thu Jan 06 20:54:51 -1000 2011

ActionController::RoutingError (No route matches "/images/down.png"):
  

Rendered /usr/lib/ruby/gems/1.8/gems/actionpack-3.0.3/lib/action_dispatch/middleware/templates/rescues/routing_error.erb within rescues/layout (1.0ms)


Started GET "/images/down.png" for 127.0.0.1 at Thu Jan 06 20:54:51 -1000 2011

ActionController::RoutingError (No route matches "/images/down.png"):
  

Rendered /usr/lib/ruby/gems/1.8/gems/actionpack-3.0.3/lib/action_dispatch/middleware/templates/rescues/routing_error.erb within rescues/layout (1.1ms)


Started GET "/home/index" for 127.0.0.1 at Thu Jan 06 20:55:03 -1000 2011
  Processing by HomeController#index as HTML
Rendered home/index.html.erb within layouts/application (2.7ms)
Completed 200 OK in 31ms (Views: 30.5ms | ActiveRecord: 0.0ms)


Started GET "/images/down.png" for 127.0.0.1 at Thu Jan 06 20:55:03 -1000 2011

ActionController::RoutingError (No route matches "/images/down.png"):
  

Rendered /usr/lib/ruby/gems/1.8/gems/actionpack-3.0.3/lib/action_dispatch/middleware/templates/rescues/routing_error.erb within rescues/layout (0.7ms)


Started GET "/images/down.png" for 127.0.0.1 at Thu Jan 06 20:55:03 -1000 2011

ActionController::RoutingError (No route matches "/images/down.png"):
  

Rendered /usr/lib/ruby/gems/1.8/gems/actionpack-3.0.3/lib/action_dispatch/middleware/templates/rescues/routing_error.erb within rescues/layout (1.0ms)


Started GET "/home/index" for 127.0.0.1 at Thu Jan 06 20:57:26 -1000 2011
  Processing by HomeController#index as HTML
Rendered home/index.html.erb within layouts/application (2.0ms)
Completed 200 OK in 8ms (Views: 7.8ms | ActiveRecord: 0.0ms)


Started GET "/images/down.png" for 127.0.0.1 at Thu Jan 06 20:57:27 -1000 2011

ActionController::RoutingError (No route matches "/images/down.png"):
  

Rendered /usr/lib/ruby/gems/1.8/gems/actionpack-3.0.3/lib/action_dispatch/middleware/templates/rescues/routing_error.erb within rescues/layout (1.6ms)


Started GET "/images/down.png" for 127.0.0.1 at Thu Jan 06 20:57:27 -1000 2011

ActionController::RoutingError (No route matches "/images/down.png"):
  

Rendered /usr/lib/ruby/gems/1.8/gems/actionpack-3.0.3/lib/action_dispatch/middleware/templates/rescues/routing_error.erb within rescues/layout (0.4ms)


Started GET "/home/index" for 127.0.0.1 at Thu Jan 06 20:57:28 -1000 2011
  Processing by HomeController#index as HTML
Rendered home/index.html.erb within layouts/application (1.7ms)
Completed 200 OK in 18ms (Views: 17.9ms | ActiveRecord: 0.0ms)


Started GET "/images/down.png" for 127.0.0.1 at Thu Jan 06 20:57:28 -1000 2011

ActionController::RoutingError (No route matches "/images/down.png"):
  

Rendered /usr/lib/ruby/gems/1.8/gems/actionpack-3.0.3/lib/action_dispatch/middleware/templates/rescues/routing_error.erb within rescues/layout (0.8ms)


Started GET "/images/down.png" for 127.0.0.1 at Thu Jan 06 20:57:28 -1000 2011

ActionController::RoutingError (No route matches "/images/down.png"):
  

Rendered /usr/lib/ruby/gems/1.8/gems/actionpack-3.0.3/lib/action_dispatch/middleware/templates/rescues/routing_error.erb within rescues/layout (0.8ms)


Started GET "/home/index" for 127.0.0.1 at Thu Jan 06 21:01:01 -1000 2011
  Processing by HomeController#index as HTML
Rendered home/index.html.erb within layouts/application (12.2ms)
Completed 200 OK in 25ms (Views: 24.9ms | ActiveRecord: 0.0ms)


Started GET "/home/index" for 127.0.0.1 at Thu Jan 06 21:01:02 -1000 2011
  Processing by HomeController#index as HTML
Rendered home/index.html.erb within layouts/application (8.4ms)
Completed 200 OK in 35ms (Views: 34.2ms | ActiveRecord: 0.0ms)


Started GET "/home/index" for 127.0.0.1 at Thu Jan 06 21:02:38 -1000 2011
  Processing by HomeController#index as HTML
Rendered home/index.html.erb within layouts/application (8.3ms)
Completed 200 OK in 26ms (Views: 25.9ms | ActiveRecord: 0.0ms)


Started GET "/h" for 127.0.0.1 at Thu Jan 06 21:02:46 -1000 2011

ActionController::RoutingError (No route matches "/h"):
  

Rendered /usr/lib/ruby/gems/1.8/gems/actionpack-3.0.3/lib/action_dispatch/middleware/templates/rescues/routing_error.erb within rescues/layout (0.7ms)


Started GET "/" for 127.0.0.1 at Thu Jan 06 21:02:50 -1000 2011
  Processing by HomeController#index as HTML
Rendered home/index.html.erb within layouts/application (7.2ms)
Completed 200 OK in 25ms (Views: 24.5ms | ActiveRecord: 0.0ms)


Started GET "/home/index" for 127.0.0.1 at Thu Jan 06 21:03:14 -1000 2011
  Processing by HomeController#index as HTML
Rendered home/index.html.erb within layouts/application (2.1ms)
Completed 200 OK in 8ms (Views: 8.0ms | ActiveRecord: 0.0ms)


Started GET "/home/index" for 127.0.0.1 at Thu Jan 06 21:08:52 -1000 2011
  Processing by HomeController#index as HTML
Rendered home/index.html.erb within layouts/application (2.3ms)
Completed 200 OK in 16ms (Views: 15.2ms | ActiveRecord: 0.0ms)


Started GET "/home/index" for 127.0.0.1 at Thu Jan 06 21:09:31 -1000 2011
  Processing by HomeController#index as HTML
Rendered home/index.html.erb within layouts/application (2.3ms)
Completed 200 OK in 23ms (Views: 22.9ms | ActiveRecord: 0.0ms)


Started GET "/home/index" for 127.0.0.1 at Thu Jan 06 21:13:18 -1000 2011
  Processing by HomeController#index as HTML
DEPRECATION WARNING: <% %> style block helpers are deprecated. Please use <%= %>. (called from _app_views_layouts_application_html_erb___497799851__616420348_0 at /home/gouser/Documents/ThoughtWorksVillage/app/views/layouts/application.html.erb:38)
Rendered home/index.html.erb within layouts/application (4.1ms)
Completed 200 OK in 15ms (Views: 15.3ms | ActiveRecord: 0.0ms)


Started GET "/home/about" for 127.0.0.1 at Thu Jan 06 21:14:06 -1000 2011
  Processing by HomeController#about as HTML
DEPRECATION WARNING: <% %> style block helpers are deprecated. Please use <%= %>. (called from _app_views_layouts_application_html_erb___497799851__616740908_0 at /home/gouser/Documents/ThoughtWorksVillage/app/views/layouts/application.html.erb:38)
Rendered home/about.html.erb within layouts/application (11.7ms)
Completed 200 OK in 40ms (Views: 39.5ms | ActiveRecord: 0.0ms)


Started GET "/home/about" for 127.0.0.1 at Thu Jan 06 21:16:00 -1000 2011
  Processing by HomeController#about as HTML
Rendered home/about.html.erb within layouts/application (11.9ms)
Completed 200 OK in 24ms (Views: 22.9ms | ActiveRecord: 0.0ms)


Started GET "/home/index" for 127.0.0.1 at Thu Jan 06 21:16:06 -1000 2011
  Processing by HomeController#index as HTML
Rendered home/index.html.erb within layouts/application (9.3ms)
Completed 200 OK in 24ms (Views: 23.8ms | ActiveRecord: 0.0ms)


Started GET "/users" for 127.0.0.1 at Thu Jan 06 21:16:21 -1000 2011
  Processing by UsersController#index as HTML
  [1m[36mUser Load (3.0ms)[0m  [1mSELECT "users".* FROM "users"[0m
Rendered users/index.html.erb within layouts/application (20.9ms)
Completed 200 OK in 134ms (Views: 34.2ms | ActiveRecord: 3.0ms)


Started GET "/mentors" for 127.0.0.1 at Thu Jan 06 21:16:33 -1000 2011
  Processing by MentorsController#index as HTML
  [1m[35mMentor Load (1.2ms)[0m  SELECT "mentors".* FROM "mentors"
Rendered mentors/index.html.erb within layouts/mentors (1.7ms)
Completed 200 OK in 20ms (Views: 6.7ms | ActiveRecord: 1.2ms)


Started GET "/" for 127.0.0.1 at Thu Jan 06 21:18:09 -1000 2011
  Processing by HomeController#index as HTML
Rendered home/index.html.erb within layouts/application (3.0ms)
Completed 200 OK in 29ms (Views: 29.0ms | ActiveRecord: 0.0ms)


Started GET "/accounts/login" for 127.0.0.1 at Thu Jan 06 21:18:11 -1000 2011

ActionController::RoutingError (No route matches "/accounts/login"):
  

Rendered /usr/lib/ruby/gems/1.8/gems/actionpack-3.0.3/lib/action_dispatch/middleware/templates/rescues/routing_error.erb within rescues/layout (1.1ms)


Started GET "/accounts/register" for 127.0.0.1 at Thu Jan 06 21:18:20 -1000 2011

ActionController::RoutingError (No route matches "/accounts/register"):
  

Rendered /usr/lib/ruby/gems/1.8/gems/actionpack-3.0.3/lib/action_dispatch/middleware/templates/rescues/routing_error.erb within rescues/layout (0.8ms)


Started GET "/mentor_profiles/search" for 127.0.0.1 at Thu Jan 06 21:18:22 -1000 2011

ActionController::RoutingError (No route matches "/mentor_profiles/search"):
  

Rendered /usr/lib/ruby/gems/1.8/gems/actionpack-3.0.3/lib/action_dispatch/middleware/templates/rescues/routing_error.erb within rescues/layout (0.8ms)


Started GET "/" for 127.0.0.1 at Fri Jan 07 05:52:31 -1000 2011
  Processing by HomeController#index as HTML
Rendered home/index.html.erb within layouts/application (7.2ms)
Completed 200 OK in 56ms (Views: 55.9ms | ActiveRecord: 0.0ms)


Started GET "/users" for 127.0.0.1 at Fri Jan 07 05:52:38 -1000 2011
  Processing by UsersController#index as HTML
  [1m[36mUser Load (21.1ms)[0m  [1mSELECT "users".* FROM "users"[0m
Rendered users/index.html.erb within layouts/application (29.4ms)
Completed 200 OK in 212ms (Views: 66.1ms | ActiveRecord: 21.1ms)


Started GET "/users/new" for 127.0.0.1 at Fri Jan 07 05:52:53 -1000 2011
  Processing by UsersController#new as HTML
Rendered users/_form.html.erb (132.4ms)
Rendered users/new.html.erb within layouts/application (150.8ms)
Completed 200 OK in 211ms (Views: 192.0ms | ActiveRecord: 0.0ms)


Started GET "/users/new" for 127.0.0.1 at Fri Jan 07 05:54:26 -1000 2011
  Processing by UsersController#new as HTML
Rendered users/_form.html.erb (28.5ms)
Rendered users/new.html.erb within layouts/application (37.7ms)
Completed 200 OK in 86ms (Views: 43.8ms | ActiveRecord: 0.0ms)


Started POST "/users" for 127.0.0.1 at Fri Jan 07 05:57:59 -1000 2011
  Processing by UsersController#create as HTML
  Parameters: {"commit"=>"Create User", "authenticity_token"=>"h7Qb8/uxl3SUc77WtdB6FGvWNIXpe7mn7/gS7TjQ07A=", "utf8"=>"✓", "user"=>{"interests"=>"teaching\r\nzenthings\r\ncars\r\nall students\r\ndesign", "school"=>"RHIT", "name"=>"Steve", "location"=>"My office", "current_position"=>"teaching 374", "major"=>"Computer Science", "phone"=>"5122561024", "total_years_experience"=>"35", "password"=>"[FILTERED]", "email"=>"yes@email.com"}}
  [1m[35mSQL (0.3ms)[0m   SELECT name
 FROM sqlite_master
 WHERE type = 'table' AND NOT name = 'sqlite_sequence'
  [1m[36mUser Load (0.2ms)[0m  [1mSELECT "users"."id" FROM "users" WHERE ("users"."email" = 'yes@email.com') LIMIT 1[0m
  [1m[35mUser Load (0.1ms)[0m  SELECT "users"."id" FROM "users" WHERE ("users"."phone" = 5122561024) LIMIT 1
Rendered users/_form.html.erb (14.4ms)
Rendered users/new.html.erb within layouts/application (23.3ms)
Completed 200 OK in 111ms (Views: 33.9ms | ActiveRecord: 0.6ms)


Started POST "/users" for 127.0.0.1 at Fri Jan 07 05:58:31 -1000 2011
  Processing by UsersController#create as HTML
  Parameters: {"commit"=>"Create User", "authenticity_token"=>"h7Qb8/uxl3SUc77WtdB6FGvWNIXpe7mn7/gS7TjQ07A=", "utf8"=>"✓", "user"=>{"interests"=>"teaching\r\nzenthings\r\ncars\r\nall students\r\ndesign", "school"=>"RHIT", "name"=>"Steve", "location"=>"My office", "current_position"=>"teaching 374", "major"=>"Computer Science", "phone"=>"5122561025", "total_years_experience"=>"35", "password"=>"[FILTERED]", "email"=>"yes@email.com"}}
  [1m[36mUser Load (0.2ms)[0m  [1mSELECT "users"."id" FROM "users" WHERE ("users"."email" = 'yes@email.com') LIMIT 1[0m
  [1m[35mUser Load (0.1ms)[0m  SELECT "users"."id" FROM "users" WHERE ("users"."phone" = 5122561025) LIMIT 1
  [1m[36mAREL (0.7ms)[0m  [1mINSERT INTO "users" ("updated_at", "name", "interests", "current_position", "school", "major", "password", "phone", "total_years_experience", "email", "location", "created_at") VALUES ('2011-01-07 15:58:31.214124', 'Steve', 'teaching
zenthings
cars
all students
design', 'teaching 374', 'RHIT', 'Computer Science', 'zenthing', 5122561025, 35, 'yes@email.com', 'My office', '2011-01-07 15:58:31.214124')[0m
Redirected to http://localhost:3000/users/3
Completed 302 Found in 69ms


Started GET "/users/3" for 127.0.0.1 at Fri Jan 07 05:58:31 -1000 2011
  Processing by UsersController#show as HTML
  Parameters: {"id"=>"3"}
  [1m[35mUser Load (0.2ms)[0m  SELECT "users".* FROM "users" WHERE ("users"."id" = 3) LIMIT 1
Rendered users/show.html.erb within layouts/application (10.9ms)
Completed 200 OK in 59ms (Views: 38.8ms | ActiveRecord: 1.3ms)


Started GET "/users" for 127.0.0.1 at Fri Jan 07 05:59:56 -1000 2011
  Processing by UsersController#index as HTML
  [1m[36mUser Load (0.7ms)[0m  [1mSELECT "users".* FROM "users"[0m
Rendered users/index.html.erb within layouts/application (21.1ms)
Completed 200 OK in 56ms (Views: 34.7ms | ActiveRecord: 0.7ms)
DEPRECATION WARNING: ActionController::Base.cookie_verifier_secret= is deprecated. Please configure it on your application with config.secret_token=. (called from /home/gouser/Documents/ThoughtWorks-Village/config/initializers/cookie_verification_secret.rb:7)


Started GET "/users" for 127.0.0.1 at Sun Jan 09 10:48:52 -1000 2011
  Processing by UsersController#index as HTML
  [1m[36mUser Load (16.4ms)[0m  [1mSELECT "users".* FROM "users"[0m
Rendered users/index.html.erb within layouts/application (25.3ms)
Completed 200 OK in 101ms (Views: 30.6ms | ActiveRecord: 16.4ms)


Started GET "/" for 127.0.0.1 at Sun Jan 09 10:49:34 -1000 2011
  Processing by HomeController#index as HTML
Rendered home/index.html.erb within layouts/application (2.9ms)
Completed 200 OK in 31ms (Views: 30.5ms | ActiveRecord: 0.0ms)


Started GET "/mentor_profiles/search" for 127.0.0.1 at Sun Jan 09 10:49:36 -1000 2011
  Processing by MentorProfilesController#search as HTML
Rendered mentor_profiles/search.html.erb within layouts/application (2.3ms)
Completed 200 OK in 27ms (Views: 26.7ms | ActiveRecord: 0.0ms)


Started GET "/accounts/register" for 127.0.0.1 at Sun Jan 09 10:49:39 -1000 2011
  Processing by AccountsController#register as HTML
DEPRECATION WARNING: <% %> style block helpers are deprecated. Please use <%= %>. (called from _app_views_accounts_register_html_erb___735913079__616867138_0 at /home/gouser/Documents/ThoughtWorks-Village/app/views/accounts/register.html.erb:2)
Rendered accounts/register.html.erb within layouts/application (15.5ms)
Completed 200 OK in 29ms (Views: 28.0ms | ActiveRecord: 0.0ms)


Started GET "/accounts/login" for 127.0.0.1 at Sun Jan 09 10:49:41 -1000 2011
  Processing by AccountsController#login as HTML
DEPRECATION WARNING: <% %> style block helpers are deprecated. Please use <%= %>. (called from _app_views_accounts_login_html_erb__891256372__616366528_0 at /home/gouser/Documents/ThoughtWorks-Village/app/views/accounts/login.html.erb:3)
Rendered accounts/login.html.erb within layouts/application (4.0ms)
Completed 200 OK in 13ms (Views: 12.5ms | ActiveRecord: 0.0ms)


Started GET "/mentors" for 127.0.0.1 at Sun Jan 09 10:50:01 -1000 2011
  Processing by MentorsController#index as HTML
  [1m[35mMentor Load (1.3ms)[0m  SELECT "mentors".* FROM "mentors"
Rendered mentors/index.html.erb within layouts/mentors (1.5ms)
Completed 200 OK in 109ms (Views: 9.6ms | ActiveRecord: 1.3ms)


Started GET "/mentees" for 127.0.0.1 at Sun Jan 09 10:50:06 -1000 2011
  Processing by MenteesController#index as HTML
  [1m[36mMentee Load (0.5ms)[0m  [1mSELECT "mentees".* FROM "mentees"[0m
Rendered mentees/index.html.erb within layouts/application (19.3ms)
Completed 200 OK in 62ms (Views: 41.8ms | ActiveRecord: 0.5ms)


Started GET "/mentors" for 127.0.0.1 at Sun Jan 09 10:50:10 -1000 2011
  Processing by MentorsController#index as HTML
  [1m[35mMentor Load (3.2ms)[0m  SELECT "mentors".* FROM "mentors"
Rendered mentors/index.html.erb within layouts/mentors (1.8ms)
Completed 200 OK in 32ms (Views: 16.8ms | ActiveRecord: 3.2ms)


Started GET "/mentees/new" for 127.0.0.1 at Sun Jan 09 10:50:17 -1000 2011
  Processing by MenteesController#new as HTML
Rendered mentees/_form.html.erb (74.4ms)
Rendered mentees/new.html.erb within layouts/application (87.1ms)
Completed 200 OK in 121ms (Views: 94.0ms | ActiveRecord: 0.0ms)


Started GET "/mentees" for 127.0.0.1 at Sun Jan 09 10:50:19 -1000 2011
  Processing by MenteesController#index as HTML
  [1m[36mMentee Load (0.6ms)[0m  [1mSELECT "mentees".* FROM "mentees"[0m
Rendered mentees/index.html.erb within layouts/application (9.5ms)
Completed 200 OK in 32ms (Views: 15.7ms | ActiveRecord: 0.6ms)


Started GET "/mentors" for 127.0.0.1 at Sun Jan 09 10:50:25 -1000 2011
  Processing by MentorsController#index as HTML
  [1m[35mMentor Load (0.5ms)[0m  SELECT "mentors".* FROM "mentors"
Rendered mentors/index.html.erb within layouts/mentors (2.3ms)
Completed 200 OK in 33ms (Views: 21.7ms | ActiveRecord: 0.5ms)
DEPRECATION WARNING: ActionController::Base.cookie_verifier_secret= is deprecated. Please configure it on your application with config.secret_token=. (called from /home/gouser/Documents/ThoughtWorks-Village/config/initializers/cookie_verification_secret.rb:7)
DEPRECATION WARNING: ActionController::Base.cookie_verifier_secret= is deprecated. Please configure it on your application with config.secret_token=. (called from /home/gouser/Documents/ThoughtWorks-Village/config/initializers/cookie_verification_secret.rb:7)


Started GET "/users" for 127.0.0.1 at Thu Jan 13 14:31:27 -1000 2011
  Processing by UsersController#index as HTML
  [1m[36mUser Load (15.1ms)[0m  [1mSELECT "users".* FROM "users"[0m
Rendered users/index.html.erb within layouts/application (46.1ms)
Completed 200 OK in 222ms (Views: 103.1ms | ActiveRecord: 15.1ms)


Started GET "/users" for 127.0.0.1 at Thu Jan 13 14:32:43 -1000 2011
  Processing by UsersController#index as HTML
  [1m[35mUser Load (0.3ms)[0m  SELECT "users".* FROM "users"
Rendered users/index.html.erb within layouts/application (24.0ms)
Completed 200 OK in 50ms (Views: 29.7ms | ActiveRecord: 0.3ms)


Started GET "/users/new" for 127.0.0.1 at Thu Jan 13 14:33:52 -1000 2011
  Processing by UsersController#new as HTML
Rendered users/_form.html.erb (61.0ms)
Rendered users/new.html.erb within layouts/application (65.8ms)
Completed 200 OK in 89ms (Views: 79.7ms | ActiveRecord: 0.0ms)


Started POST "/users" for 127.0.0.1 at Thu Jan 13 14:37:55 -1000 2011
  Processing by UsersController#create as HTML
  Parameters: {"commit"=>"Create User", "authenticity_token"=>"mSBbCknkXcym8l7vZH8nqlbNab23PcDhmTLPz1kcR84=", "utf8"=>"✓", "user"=>{"interests"=>"Driving Saabs\r\nMaking fun of Priuses", "school"=>"Rose-Hulman Institute of Technology", "name"=>"Andrew Marrack", "location"=>"Texas", "current_position"=>"Student", "major"=>"Mechanical Engineering", "phone"=>"8125550123", "total_years_experience"=>"1", "password"=>"[FILTERED]", "email"=>"marracao@rose-hulman.edu"}}
  [1m[36mSQL (0.4ms)[0m  [1m SELECT name
 FROM sqlite_master
 WHERE type = 'table' AND NOT name = 'sqlite_sequence'
[0m
  [1m[35mUser Load (0.1ms)[0m  SELECT "users"."id" FROM "users" WHERE ("users"."email" = 'marracao@rose-hulman.edu') LIMIT 1
  [1m[36mUser Load (0.1ms)[0m  [1mSELECT "users"."id" FROM "users" WHERE ("users"."phone" = 8125550123) LIMIT 1[0m
  [1m[35mAREL (0.6ms)[0m  INSERT INTO "users" ("location", "password", "name", "school", "email", "major", "updated_at", "total_years_experience", "phone", "current_position", "created_at", "interests") VALUES ('Texas', 'drivesaab', 'Andrew Marrack', 'Rose-Hulman Institute of Technology', 'marracao@rose-hulman.edu', 'Mechanical Engineering', '2011-01-14 00:37:55.838720', 1, 8125550123, 'Student', '2011-01-14 00:37:55.838720', 'Driving Saabs
Making fun of Priuses')
Redirected to http://localhost:3000/users/4
Completed 302 Found in 298ms


Started GET "/users/4" for 127.0.0.1 at Thu Jan 13 14:37:55 -1000 2011
  Processing by UsersController#show as HTML
  Parameters: {"id"=>"4"}
  [1m[36mUser Load (0.3ms)[0m  [1mSELECT "users".* FROM "users" WHERE ("users"."id" = 4) LIMIT 1[0m
Rendered users/show.html.erb within layouts/application (17.7ms)
Completed 200 OK in 44ms (Views: 33.7ms | ActiveRecord: 1.4ms)


Started GET "/users" for 127.0.0.1 at Thu Jan 13 14:38:04 -1000 2011
  Processing by UsersController#index as HTML
  [1m[35mUser Load (0.7ms)[0m  SELECT "users".* FROM "users"
Rendered users/index.html.erb within layouts/application (21.8ms)
Completed 200 OK in 36ms (Views: 26.9ms | ActiveRecord: 0.7ms)


Started GET "/users/1" for 127.0.0.1 at Thu Jan 13 14:39:10 -1000 2011
  Processing by UsersController#show as HTML
  Parameters: {"id"=>"1"}
  [1m[36mUser Load (0.2ms)[0m  [1mSELECT "users".* FROM "users" WHERE ("users"."id" = 1) LIMIT 1[0m
Rendered users/show.html.erb within layouts/application (18.3ms)
Completed 200 OK in 34ms (Views: 24.3ms | ActiveRecord: 0.2ms)


Started GET "/users/1/edit" for 127.0.0.1 at Thu Jan 13 14:39:21 -1000 2011
  Processing by UsersController#edit as HTML
  Parameters: {"id"=>"1"}
  [1m[35mUser Load (0.3ms)[0m  SELECT "users".* FROM "users" WHERE ("users"."id" = 1) LIMIT 1
Rendered users/_form.html.erb (24.1ms)
Rendered users/edit.html.erb within layouts/application (30.8ms)
Completed 200 OK in 91ms (Views: 80.7ms | ActiveRecord: 0.3ms)


Started GET "/users" for 127.0.0.1 at Thu Jan 13 14:39:27 -1000 2011
  Processing by UsersController#index as HTML
  [1m[36mUser Load (0.7ms)[0m  [1mSELECT "users".* FROM "users"[0m
Rendered users/index.html.erb within layouts/application (26.6ms)
Completed 200 OK in 42ms (Views: 31.8ms | ActiveRecord: 0.7ms)


Started POST "/users/4" for 127.0.0.1 at Thu Jan 13 14:40:01 -1000 2011
  Processing by UsersController#destroy as HTML
  Parameters: {"id"=>"4"}
Completed   in 0ms

ActionController::InvalidAuthenticityToken (ActionController::InvalidAuthenticityToken):
  

Rendered /usr/lib/ruby/gems/1.8/gems/actionpack-3.0.3/lib/action_dispatch/middleware/templates/rescues/_trace.erb (1.1ms)
Rendered /usr/lib/ruby/gems/1.8/gems/actionpack-3.0.3/lib/action_dispatch/middleware/templates/rescues/_request_and_response.erb (20.5ms)
Rendered /usr/lib/ruby/gems/1.8/gems/actionpack-3.0.3/lib/action_dispatch/middleware/templates/rescues/diagnostics.erb within rescues/layout (34.1ms)
DEPRECATION WARNING: ActionController::Base.cookie_verifier_secret= is deprecated. Please configure it on your application with config.secret_token=. (called from /home/gouser/Documents/ThoughtWorks-Village/config/initializers/cookie_verification_secret.rb:7)


Started GET "/users" for 127.0.0.1 at Thu Jan 13 14:42:50 -1000 2011
  Processing by UsersController#index as HTML
  [1m[35mUser Load (0.8ms)[0m  SELECT "users".* FROM "users"
Rendered users/index.html.erb within layouts/application (93.4ms)
Completed 200 OK in 118ms (Views: 108.1ms | ActiveRecord: 0.8ms)
DEPRECATION WARNING: ActionController::Base.cookie_verifier_secret= is deprecated. Please configure it on your application with config.secret_token=. (called from /home/gouser/Documents/ThoughtWorks-Village/config/initializers/cookie_verification_secret.rb:7)
  [1m[36mSQL (1.4ms)[0m  [1m SELECT name
 FROM sqlite_master
 WHERE type = 'table' AND NOT name = 'sqlite_sequence'
[0m
  [1m[35mSQL (0.3ms)[0m   SELECT name
 FROM sqlite_master
 WHERE type = 'table' AND NOT name = 'sqlite_sequence'
  [1m[36mSQL (0.2ms)[0m  [1mSELECT "schema_migrations"."version" FROM "schema_migrations"[0m
  [1m[35mSQL (0.2ms)[0m   SELECT name
 FROM sqlite_master
 WHERE type = 'table' AND NOT name = 'sqlite_sequence'
  [1m[36mSQL (0.1ms)[0m  [1mSELECT "schema_migrations"."version" FROM "schema_migrations"[0m
Migrating to CreateMentees (20110107061706)
  [1m[35mSQL (0.1ms)[0m  select sqlite_version(*)
  [1m[36mSQL (1.2ms)[0m  [1mDROP TABLE "mentees"[0m
  [1m[35mAREL (0.2ms)[0m  DELETE FROM "schema_migrations" WHERE "schema_migrations"."version" = '20110107061706'
  [1m[36mSQL (0.2ms)[0m  [1m SELECT name
 FROM sqlite_master
 WHERE type = 'table' AND NOT name = 'sqlite_sequence'
[0m
  [1m[35mSQL (0.1ms)[0m  SELECT "schema_migrations"."version" FROM "schema_migrations"
  [1m[36mSQL (0.1ms)[0m  [1m SELECT name
 FROM sqlite_master
 WHERE type = 'table' AND NOT name = 'sqlite_sequence'
[0m
  [1m[35mSQL (0.0ms)[0m  PRAGMA index_list("mentors")
  [1m[36mSQL (0.0ms)[0m  [1mPRAGMA index_list("users")[0m
DEPRECATION WARNING: ActionController::Base.cookie_verifier_secret= is deprecated. Please configure it on your application with config.secret_token=. (called from /home/gouser/Documents/ThoughtWorks-Village/config/initializers/cookie_verification_secret.rb:7)
  [1m[36mSQL (1.3ms)[0m  [1m SELECT name
 FROM sqlite_master
 WHERE type = 'table' AND NOT name = 'sqlite_sequence'
[0m
  [1m[35mSQL (0.2ms)[0m   SELECT name
 FROM sqlite_master
 WHERE type = 'table' AND NOT name = 'sqlite_sequence'
  [1m[36mSQL (0.2ms)[0m  [1mSELECT "schema_migrations"."version" FROM "schema_migrations"[0m
  [1m[35mSQL (0.2ms)[0m   SELECT name
 FROM sqlite_master
 WHERE type = 'table' AND NOT name = 'sqlite_sequence'
  [1m[36mSQL (0.1ms)[0m  [1mSELECT "schema_migrations"."version" FROM "schema_migrations"[0m
Migrating to CreateMentors (20110107061652)
  [1m[35mSQL (0.1ms)[0m  select sqlite_version(*)
  [1m[36mSQL (1.3ms)[0m  [1mDROP TABLE "mentors"[0m
  [1m[35mAREL (0.2ms)[0m  DELETE FROM "schema_migrations" WHERE "schema_migrations"."version" = '20110107061652'
  [1m[36mSQL (0.3ms)[0m  [1m SELECT name
 FROM sqlite_master
 WHERE type = 'table' AND NOT name = 'sqlite_sequence'
[0m
  [1m[35mSQL (0.1ms)[0m  SELECT "schema_migrations"."version" FROM "schema_migrations"
  [1m[36mSQL (0.1ms)[0m  [1m SELECT name
 FROM sqlite_master
 WHERE type = 'table' AND NOT name = 'sqlite_sequence'
[0m
  [1m[35mSQL (0.0ms)[0m  PRAGMA index_list("users")
DEPRECATION WARNING: ActionController::Base.cookie_verifier_secret= is deprecated. Please configure it on your application with config.secret_token=. (called from /home/gouser/Documents/ThoughtWorks-Village/config/initializers/cookie_verification_secret.rb:7)


Started GET "/" for 127.0.0.1 at Thu Jan 13 18:13:18 -1000 2011
  Processing by HomeController#index as HTML
Rendered home/index.html.erb within layouts/application (3.9ms)
Completed 200 OK in 11ms (Views: 10.3ms | ActiveRecord: 0.0ms)


Started GET "/users" for 127.0.0.1 at Thu Jan 13 18:13:22 -1000 2011
  Processing by UsersController#index as HTML
  [1m[36mUser Load (1.5ms)[0m  [1mSELECT "users".* FROM "users"[0m
Rendered users/index.html.erb within layouts/application (26.5ms)
Completed 200 OK in 77ms (Views: 38.1ms | ActiveRecord: 1.5ms)


Started GET "/mentors" for 127.0.0.1 at Thu Jan 13 18:14:13 -1000 2011
  Processing by MentorsController#index as HTML
  [1m[35mMentor Load (0.5ms)[0m  SELECT "mentors".* FROM "mentors"
SQLite3::SQLException: no such table: mentors: SELECT "mentors".* FROM "mentors"
Completed   in 13ms

ActiveRecord::StatementInvalid (SQLite3::SQLException: no such table: mentors: SELECT "mentors".* FROM "mentors"):
  app/controllers/mentors_controller.rb:5:in `index'

Rendered /usr/lib/ruby/gems/1.8/gems/actionpack-3.0.3/lib/action_dispatch/middleware/templates/rescues/_trace.erb (1.3ms)
Rendered /usr/lib/ruby/gems/1.8/gems/actionpack-3.0.3/lib/action_dispatch/middleware/templates/rescues/_request_and_response.erb (11.5ms)
Rendered /usr/lib/ruby/gems/1.8/gems/actionpack-3.0.3/lib/action_dispatch/middleware/templates/rescues/diagnostics.erb within rescues/layout (17.0ms)
DEPRECATION WARNING: ActionController::Base.cookie_verifier_secret= is deprecated. Please configure it on your application with config.secret_token=. (called from /home/gouser/Documents/ThoughtWorks-Village/config/initializers/cookie_verification_secret.rb:7)
DEPRECATION WARNING: ActionController::Base.cookie_verifier_secret= is deprecated. Please configure it on your application with config.secret_token=. (called from /home/gouser/Documents/ThoughtWorks-Village/config/initializers/cookie_verification_secret.rb:7)
  [1m[36mSQL (1.0ms)[0m  [1m SELECT name
 FROM sqlite_master
 WHERE type = 'table' AND NOT name = 'sqlite_sequence'
[0m
  [1m[35mSQL (0.1ms)[0m   SELECT name
 FROM sqlite_master
 WHERE type = 'table' AND NOT name = 'sqlite_sequence'
  [1m[36mSQL (0.1ms)[0m  [1mSELECT "schema_migrations"."version" FROM "schema_migrations"[0m
Migrating to CreateUsers (20110107060307)
Migrating to CreateMentors (20110107061652)
  [1m[35mSQL (0.1ms)[0m  select sqlite_version(*)
  [1m[36mSQL (1.5ms)[0m  [1mCREATE TABLE "mentors" ("id" INTEGER PRIMARY KEY AUTOINCREMENT NOT NULL, "user_id" integer, "created_at" datetime, "updated_at" datetime) [0m
  [1m[35mSQL (0.2ms)[0m  INSERT INTO "schema_migrations" ("version") VALUES ('20110107061652')
Migrating to CreateMentees (20110107061706)
  [1m[36mSQL (0.5ms)[0m  [1mCREATE TABLE "mentees" ("id" INTEGER PRIMARY KEY AUTOINCREMENT NOT NULL, "user_id" integer, "created_at" datetime, "updated_at" datetime) [0m
  [1m[35mSQL (0.1ms)[0m  INSERT INTO "schema_migrations" ("version") VALUES ('20110107061706')
  [1m[36mSQL (0.3ms)[0m  [1m SELECT name
 FROM sqlite_master
 WHERE type = 'table' AND NOT name = 'sqlite_sequence'
[0m
  [1m[35mSQL (0.1ms)[0m  SELECT "schema_migrations"."version" FROM "schema_migrations"
  [1m[36mSQL (0.1ms)[0m  [1m SELECT name
 FROM sqlite_master
 WHERE type = 'table' AND NOT name = 'sqlite_sequence'
[0m
  [1m[35mSQL (0.0ms)[0m  PRAGMA index_list("mentees")
  [1m[36mSQL (0.0ms)[0m  [1mPRAGMA index_list("mentors")[0m
  [1m[35mSQL (0.0ms)[0m  PRAGMA index_list("users")


Started GET "/mentors" for 127.0.0.1 at Thu Jan 13 18:16:47 -1000 2011
  Processing by MentorsController#index as HTML
  [1m[36mMentor Load (1.5ms)[0m  [1mSELECT "mentors".* FROM "mentors"[0m
Rendered mentors/index.html.erb within layouts/mentors (1.7ms)
Completed 200 OK in 67ms (Views: 59.3ms | ActiveRecord: 1.5ms)
DEPRECATION WARNING: ActionController::Base.cookie_verifier_secret= is deprecated. Please configure it on your application with config.secret_token=. (called from /home/gouser/Documents/ThoughtWorks-Village/config/initializers/cookie_verification_secret.rb:7)
  [1m[36mSQL (1.3ms)[0m  [1m SELECT name
 FROM sqlite_master
 WHERE type = 'table' AND NOT name = 'sqlite_sequence'
[0m
  [1m[35mSQL (0.2ms)[0m   SELECT name
 FROM sqlite_master
 WHERE type = 'table' AND NOT name = 'sqlite_sequence'
  [1m[36mSQL (0.2ms)[0m  [1mSELECT "schema_migrations"."version" FROM "schema_migrations"[0m
  [1m[35mSQL (0.1ms)[0m   SELECT name
 FROM sqlite_master
 WHERE type = 'table' AND NOT name = 'sqlite_sequence'
  [1m[36mSQL (0.1ms)[0m  [1mSELECT "schema_migrations"."version" FROM "schema_migrations"[0m
Migrating to CreateMentees (20110107061706)
  [1m[35mSQL (0.1ms)[0m  select sqlite_version(*)
  [1m[36mSQL (1.2ms)[0m  [1mDROP TABLE "mentees"[0m
  [1m[35mAREL (0.5ms)[0m  DELETE FROM "schema_migrations" WHERE "schema_migrations"."version" = '20110107061706'
  [1m[36mSQL (0.2ms)[0m  [1m SELECT name
 FROM sqlite_master
 WHERE type = 'table' AND NOT name = 'sqlite_sequence'
[0m
  [1m[35mSQL (0.1ms)[0m  SELECT "schema_migrations"."version" FROM "schema_migrations"
  [1m[36mSQL (0.1ms)[0m  [1m SELECT name
 FROM sqlite_master
 WHERE type = 'table' AND NOT name = 'sqlite_sequence'
[0m
  [1m[35mSQL (0.1ms)[0m  PRAGMA index_list("mentors")
  [1m[36mSQL (0.1ms)[0m  [1mPRAGMA index_list("users")[0m
DEPRECATION WARNING: ActionController::Base.cookie_verifier_secret= is deprecated. Please configure it on your application with config.secret_token=. (called from /home/gouser/Documents/ThoughtWorks-Village/config/initializers/cookie_verification_secret.rb:7)
  [1m[36mSQL (1.2ms)[0m  [1m SELECT name
 FROM sqlite_master
 WHERE type = 'table' AND NOT name = 'sqlite_sequence'
[0m
  [1m[35mSQL (0.2ms)[0m   SELECT name
 FROM sqlite_master
 WHERE type = 'table' AND NOT name = 'sqlite_sequence'
  [1m[36mSQL (0.1ms)[0m  [1mSELECT "schema_migrations"."version" FROM "schema_migrations"[0m
  [1m[35mSQL (0.1ms)[0m   SELECT name
 FROM sqlite_master
 WHERE type = 'table' AND NOT name = 'sqlite_sequence'
  [1m[36mSQL (0.1ms)[0m  [1mSELECT "schema_migrations"."version" FROM "schema_migrations"[0m
Migrating to CreateMentors (20110107061652)
  [1m[35mSQL (0.1ms)[0m  select sqlite_version(*)
  [1m[36mSQL (1.3ms)[0m  [1mDROP TABLE "mentors"[0m
  [1m[35mAREL (0.1ms)[0m  DELETE FROM "schema_migrations" WHERE "schema_migrations"."version" = '20110107061652'
  [1m[36mSQL (0.3ms)[0m  [1m SELECT name
 FROM sqlite_master
 WHERE type = 'table' AND NOT name = 'sqlite_sequence'
[0m
  [1m[35mSQL (0.1ms)[0m  SELECT "schema_migrations"."version" FROM "schema_migrations"
  [1m[36mSQL (0.1ms)[0m  [1m SELECT name
 FROM sqlite_master
 WHERE type = 'table' AND NOT name = 'sqlite_sequence'
[0m
  [1m[35mSQL (0.0ms)[0m  PRAGMA index_list("users")
DEPRECATION WARNING: ActionController::Base.cookie_verifier_secret= is deprecated. Please configure it on your application with config.secret_token=. (called from /home/gouser/Documents/ThoughtWorks-Village/config/initializers/cookie_verification_secret.rb:7)
DEPRECATION WARNING: ActionController::Base.cookie_verifier_secret= is deprecated. Please configure it on your application with config.secret_token=. (called from /home/gouser/Documents/ThoughtWorks-Village/config/initializers/cookie_verification_secret.rb:7)


Started GET "/mentors" for 127.0.0.1 at Thu Jan 13 18:18:52 -1000 2011
  Processing by MentorsController#index as HTML
  [1m[35mMentor Load (1.5ms)[0m  SELECT "mentors".* FROM "mentors"
SQLite3::SQLException: no such table: mentors: SELECT "mentors".* FROM "mentors"
Completed   in 10ms

ActiveRecord::StatementInvalid (SQLite3::SQLException: no such table: mentors: SELECT "mentors".* FROM "mentors"):
  app/controllers/mentors_controller.rb:5:in `index'

Rendered /usr/lib/ruby/gems/1.8/gems/actionpack-3.0.3/lib/action_dispatch/middleware/templates/rescues/_trace.erb (1.7ms)
Rendered /usr/lib/ruby/gems/1.8/gems/actionpack-3.0.3/lib/action_dispatch/middleware/templates/rescues/_request_and_response.erb (74.2ms)
Rendered /usr/lib/ruby/gems/1.8/gems/actionpack-3.0.3/lib/action_dispatch/middleware/templates/rescues/diagnostics.erb within rescues/layout (87.2ms)


Started GET "/mentors" for 127.0.0.1 at Thu Jan 13 18:18:54 -1000 2011
  Processing by MentorsController#index as HTML
  [1m[36mMentor Load (0.6ms)[0m  [1mSELECT "mentors".* FROM "mentors"[0m
SQLite3::SQLException: no such table: mentors: SELECT "mentors".* FROM "mentors"
Completed   in 6ms

ActiveRecord::StatementInvalid (SQLite3::SQLException: no such table: mentors: SELECT "mentors".* FROM "mentors"):
  app/controllers/mentors_controller.rb:5:in `index'

Rendered /usr/lib/ruby/gems/1.8/gems/actionpack-3.0.3/lib/action_dispatch/middleware/templates/rescues/_trace.erb (1.1ms)
Rendered /usr/lib/ruby/gems/1.8/gems/actionpack-3.0.3/lib/action_dispatch/middleware/templates/rescues/_request_and_response.erb (4.0ms)
Rendered /usr/lib/ruby/gems/1.8/gems/actionpack-3.0.3/lib/action_dispatch/middleware/templates/rescues/diagnostics.erb within rescues/layout (17.1ms)
DEPRECATION WARNING: ActionController::Base.cookie_verifier_secret= is deprecated. Please configure it on your application with config.secret_token=. (called from /home/gouser/Documents/ThoughtWorks-Village/config/initializers/cookie_verification_secret.rb:7)
  [1m[36mSQL (1.3ms)[0m  [1m SELECT name
 FROM sqlite_master
 WHERE type = 'table' AND NOT name = 'sqlite_sequence'
[0m
  [1m[35mSQL (0.1ms)[0m   SELECT name
 FROM sqlite_master
 WHERE type = 'table' AND NOT name = 'sqlite_sequence'
  [1m[36mSQL (0.1ms)[0m  [1mSELECT "schema_migrations"."version" FROM "schema_migrations"[0m
Migrating to CreateUsers (20110107060307)
Migrating to CreateMentors (20110114041808)
  [1m[35mSQL (0.1ms)[0m  select sqlite_version(*)
  [1m[36mSQL (1.0ms)[0m  [1mCREATE TABLE "mentors" ("id" INTEGER PRIMARY KEY AUTOINCREMENT NOT NULL, "mentorID" integer, "created_at" datetime, "updated_at" datetime) [0m
  [1m[35mSQL (0.6ms)[0m  INSERT INTO "schema_migrations" ("version") VALUES ('20110114041808')
Migrating to CreateMentees (20110114041831)
  [1m[36mSQL (0.4ms)[0m  [1mCREATE TABLE "mentees" ("id" INTEGER PRIMARY KEY AUTOINCREMENT NOT NULL, "menteeID" integer, "created_at" datetime, "updated_at" datetime) [0m
  [1m[35mSQL (3.0ms)[0m  INSERT INTO "schema_migrations" ("version") VALUES ('20110114041831')
  [1m[36mSQL (0.2ms)[0m  [1m SELECT name
 FROM sqlite_master
 WHERE type = 'table' AND NOT name = 'sqlite_sequence'
[0m
  [1m[35mSQL (0.1ms)[0m  SELECT "schema_migrations"."version" FROM "schema_migrations"
  [1m[36mSQL (0.2ms)[0m  [1m SELECT name
 FROM sqlite_master
 WHERE type = 'table' AND NOT name = 'sqlite_sequence'
[0m
  [1m[35mSQL (0.0ms)[0m  PRAGMA index_list("mentees")
  [1m[36mSQL (0.0ms)[0m  [1mPRAGMA index_list("mentors")[0m
  [1m[35mSQL (0.4ms)[0m  PRAGMA index_list("users")


Started GET "/mentors" for 127.0.0.1 at Thu Jan 13 18:19:05 -1000 2011
  Processing by MentorsController#index as HTML
  [1m[35mMentor Load (0.4ms)[0m  SELECT "mentors".* FROM "mentors"
Rendered mentors/index.html.erb within layouts/mentors (1.6ms)
Completed 200 OK in 10ms (Views: 5.1ms | ActiveRecord: 2.5ms)
DEPRECATION WARNING: ActionController::Base.cookie_verifier_secret= is deprecated. Please configure it on your application with config.secret_token=. (called from /home/gouser/Documents/ThoughtWorks-Village/config/initializers/cookie_verification_secret.rb:7)


Started GET "/users%5C" for 127.0.0.1 at Thu Jan 13 18:21:40 -1000 2011

ActionController::RoutingError (No route matches "/users%5C"):
  

Rendered /usr/lib/ruby/gems/1.8/gems/actionpack-3.0.3/lib/action_dispatch/middleware/templates/rescues/routing_error.erb within rescues/layout (1.1ms)


Started GET "/users" for 127.0.0.1 at Thu Jan 13 18:21:44 -1000 2011
  Processing by UsersController#index as HTML
  [1m[36mUser Load (0.8ms)[0m  [1mSELECT "users".* FROM "users"[0m
Rendered users/index.html.erb within layouts/application (88.8ms)
Completed 200 OK in 124ms (Views: 101.8ms | ActiveRecord: 0.8ms)


Started GET "/users/new" for 127.0.0.1 at Thu Jan 13 18:21:58 -1000 2011
  Processing by UsersController#new as HTML
Rendered users/_form.html.erb (27.0ms)
Rendered users/new.html.erb within layouts/application (31.2ms)
Completed 200 OK in 52ms (Views: 38.8ms | ActiveRecord: 0.0ms)


Started GET "/users" for 127.0.0.1 at Thu Jan 13 18:22:09 -1000 2011
  Processing by UsersController#index as HTML
  [1m[35mUser Load (0.7ms)[0m  SELECT "users".* FROM "users"
Rendered users/index.html.erb within layouts/application (24.4ms)
Completed 200 OK in 113ms (Views: 29.4ms | ActiveRecord: 0.7ms)


Started GET "/requests" for 127.0.0.1 at Thu Jan 13 18:25:18 -1000 2011
  Processing by RequestsController#index as HTML
  [1m[36mRequest Load (0.5ms)[0m  [1mSELECT "requests".* FROM "requests"[0m
SQLite3::SQLException: no such table: requests: SELECT "requests".* FROM "requests"
Completed   in 14ms

ActiveRecord::StatementInvalid (SQLite3::SQLException: no such table: requests: SELECT "requests".* FROM "requests"):
  app/controllers/requests_controller.rb:5:in `index'

Rendered /usr/lib/ruby/gems/1.8/gems/actionpack-3.0.3/lib/action_dispatch/middleware/templates/rescues/_trace.erb (0.8ms)
Rendered /usr/lib/ruby/gems/1.8/gems/actionpack-3.0.3/lib/action_dispatch/middleware/templates/rescues/_request_and_response.erb (5.5ms)
Rendered /usr/lib/ruby/gems/1.8/gems/actionpack-3.0.3/lib/action_dispatch/middleware/templates/rescues/diagnostics.erb within rescues/layout (12.2ms)


Started GET "/request" for 127.0.0.1 at Thu Jan 13 18:25:21 -1000 2011

ActionController::RoutingError (No route matches "/request"):
  

Rendered /usr/lib/ruby/gems/1.8/gems/actionpack-3.0.3/lib/action_dispatch/middleware/templates/rescues/routing_error.erb within rescues/layout (0.7ms)


Started GET "/requests" for 127.0.0.1 at Thu Jan 13 18:25:24 -1000 2011
  Processing by RequestsController#index as HTML
  [1m[35mRequest Load (0.6ms)[0m  SELECT "requests".* FROM "requests"
SQLite3::SQLException: no such table: requests: SELECT "requests".* FROM "requests"
Completed   in 5ms

ActiveRecord::StatementInvalid (SQLite3::SQLException: no such table: requests: SELECT "requests".* FROM "requests"):
  app/controllers/requests_controller.rb:5:in `index'

Rendered /usr/lib/ruby/gems/1.8/gems/actionpack-3.0.3/lib/action_dispatch/middleware/templates/rescues/_trace.erb (1.2ms)
Rendered /usr/lib/ruby/gems/1.8/gems/actionpack-3.0.3/lib/action_dispatch/middleware/templates/rescues/_request_and_response.erb (72.6ms)
Rendered /usr/lib/ruby/gems/1.8/gems/actionpack-3.0.3/lib/action_dispatch/middleware/templates/rescues/diagnostics.erb within rescues/layout (84.8ms)
DEPRECATION WARNING: ActionController::Base.cookie_verifier_secret= is deprecated. Please configure it on your application with config.secret_token=. (called from /home/gouser/Documents/ThoughtWorks-Village/config/initializers/cookie_verification_secret.rb:7)
  [1m[36mSQL (1.7ms)[0m  [1m SELECT name
 FROM sqlite_master
 WHERE type = 'table' AND NOT name = 'sqlite_sequence'
[0m
  [1m[35mSQL (0.1ms)[0m   SELECT name
 FROM sqlite_master
 WHERE type = 'table' AND NOT name = 'sqlite_sequence'
  [1m[36mSQL (0.1ms)[0m  [1mSELECT "schema_migrations"."version" FROM "schema_migrations"[0m
Migrating to CreateUsers (20110107060307)
Migrating to CreateMentors (20110114041808)
Migrating to CreateMentees (20110114041831)
Migrating to CreateRequests (20110114042052)
  [1m[35mSQL (0.1ms)[0m  select sqlite_version(*)
  [1m[36mSQL (1.3ms)[0m  [1mCREATE TABLE "requests" ("id" INTEGER PRIMARY KEY AUTOINCREMENT NOT NULL, "reason" varchar(255), "estimatedLength" varchar(255), "created_at" datetime, "updated_at" datetime) [0m
  [1m[35mSQL (0.2ms)[0m  INSERT INTO "schema_migrations" ("version") VALUES ('20110114042052')
  [1m[36mSQL (5.7ms)[0m  [1m SELECT name
 FROM sqlite_master
 WHERE type = 'table' AND NOT name = 'sqlite_sequence'
[0m
  [1m[35mSQL (0.2ms)[0m  SELECT "schema_migrations"."version" FROM "schema_migrations"
  [1m[36mSQL (0.2ms)[0m  [1m SELECT name
 FROM sqlite_master
 WHERE type = 'table' AND NOT name = 'sqlite_sequence'
[0m
  [1m[35mSQL (0.1ms)[0m  PRAGMA index_list("mentees")
  [1m[36mSQL (0.0ms)[0m  [1mPRAGMA index_list("mentors")[0m
  [1m[35mSQL (0.0ms)[0m  PRAGMA index_list("requests")
  [1m[36mSQL (0.0ms)[0m  [1mPRAGMA index_list("users")[0m


Started GET "/requests" for 127.0.0.1 at Thu Jan 13 18:25:35 -1000 2011
  Processing by RequestsController#index as HTML
  [1m[36mRequest Load (0.2ms)[0m  [1mSELECT "requests".* FROM "requests"[0m
Rendered requests/index.html.erb within layouts/application (5.2ms)
Completed 200 OK in 22ms (Views: 17.6ms | ActiveRecord: 1.3ms)
DEPRECATION WARNING: ActionController::Base.cookie_verifier_secret= is deprecated. Please configure it on your application with config.secret_token=. (called from /home/gouser/Documents/ThoughtWorks-Village/config/initializers/cookie_verification_secret.rb:7)


Started GET "/mentors" for 127.0.0.1 at Thu Jan 13 18:31:00 -1000 2011
  Processing by MentorsController#index as HTML
  [1m[35mMentor Load (8.0ms)[0m  SELECT "mentors".* FROM "mentors"
Rendered mentors/index.html.erb within layouts/mentors (1.2ms)
Completed 200 OK in 18ms (Views: 5.9ms | ActiveRecord: 8.0ms)


Started GET "/mentees" for 127.0.0.1 at Thu Jan 13 18:31:04 -1000 2011
  Processing by MenteesController#index as HTML
  [1m[36mMentee Load (0.4ms)[0m  [1mSELECT "mentees".* FROM "mentees"[0m
Rendered mentees/index.html.erb within layouts/application (13.1ms)
Completed 200 OK in 25ms (Views: 19.9ms | ActiveRecord: 0.4ms)


Started GET "/mentees" for 127.0.0.1 at Thu Jan 13 18:31:37 -1000 2011
  Processing by MenteesController#index as HTML
  [1m[35mMentee Load (0.5ms)[0m  SELECT "mentees".* FROM "mentees"
Rendered mentees/index.html.erb within layouts/application (3.8ms)
Completed 200 OK in 20ms (Views: 15.5ms | ActiveRecord: 0.5ms)


Started GET "/mentees/new" for 127.0.0.1 at Thu Jan 13 18:31:39 -1000 2011
  Processing by MenteesController#new as HTML
Rendered mentees/_form.html.erb (5.6ms)
Rendered mentees/new.html.erb within layouts/application (17.4ms)
Completed 200 OK in 42ms (Views: 32.7ms | ActiveRecord: 0.0ms)


Started GET "/mentees" for 127.0.0.1 at Thu Jan 13 18:31:41 -1000 2011
  Processing by MenteesController#index as HTML
  [1m[36mMentee Load (0.5ms)[0m  [1mSELECT "mentees".* FROM "mentees"[0m
Rendered mentees/index.html.erb within layouts/application (2.9ms)
Completed 200 OK in 28ms (Views: 23.4ms | ActiveRecord: 0.5ms)


Started GET "/mentors" for 127.0.0.1 at Thu Jan 13 18:31:44 -1000 2011
  Processing by MentorsController#index as HTML
  [1m[35mMentor Load (1.3ms)[0m  SELECT "mentors".* FROM "mentors"
Rendered mentors/index.html.erb within layouts/mentors (1.4ms)
Completed 200 OK in 14ms (Views: 6.6ms | ActiveRecord: 1.3ms)


Started GET "/mentors" for 127.0.0.1 at Thu Jan 13 18:36:35 -1000 2011
  Processing by MentorsController#index as HTML
  [1m[36mMentor Load (0.5ms)[0m  [1mSELECT "mentors".* FROM "mentors"[0m
Rendered mentors/index.html.erb within layouts/mentors (1.6ms)
Completed 200 OK in 12ms (Views: 6.2ms | ActiveRecord: 0.5ms)


Started GET "/mentors" for 127.0.0.1 at Thu Jan 13 18:36:36 -1000 2011
  Processing by MentorsController#index as HTML
  [1m[35mMentor Load (0.6ms)[0m  SELECT "mentors".* FROM "mentors"
Rendered mentors/index.html.erb within layouts/mentors (1.4ms)
Completed 200 OK in 13ms (Views: 5.8ms | ActiveRecord: 0.6ms)


Started GET "/mentees" for 127.0.0.1 at Thu Jan 13 18:36:52 -1000 2011
  Processing by MenteesController#index as HTML
  [1m[36mMentee Load (0.5ms)[0m  [1mSELECT "mentees".* FROM "mentees"[0m
Rendered mentees/index.html.erb within layouts/application (10.4ms)
Completed 200 OK in 31ms (Views: 16.6ms | ActiveRecord: 0.5ms)


Started GET "/mentors" for 127.0.0.1 at Thu Jan 13 18:40:35 -1000 2011
  Processing by MentorsController#index as HTML
  [1m[35mMentor Load (0.6ms)[0m  SELECT "mentors".* FROM "mentors"
Rendered mentors/index.html.erb within layouts/application (3.3ms)
Completed 200 OK in 25ms (Views: 17.0ms | ActiveRecord: 0.6ms)
DEPRECATION WARNING: ActionController::Base.cookie_verifier_secret= is deprecated. Please configure it on your application with config.secret_token=. (called from /home/gouser/Documents/ThoughtWorks-Village/config/initializers/cookie_verification_secret.rb:7)


Started GET "/mentors" for 127.0.0.1 at Thu Jan 13 19:01:37 -1000 2011
  Processing by MentorsController#index as HTML
  [1m[36mMentor Load (1.2ms)[0m  [1mSELECT "mentors".* FROM "mentors"[0m
Rendered mentors/index.html.erb within layouts/application (3.1ms)
Completed 200 OK in 14ms (Views: 8.2ms | ActiveRecord: 1.2ms)


Started GET "/mentors" for 127.0.0.1 at Thu Jan 13 19:02:32 -1000 2011
  Processing by MentorsController#index as HTML
  [1m[35mMentor Load (0.5ms)[0m  SELECT "mentors".* FROM "mentors"
Rendered mentors/index.html.erb within layouts/application (3.1ms)
Completed 200 OK in 24ms (Views: 8.9ms | ActiveRecord: 0.5ms)


Started GET "/accounts/register" for 127.0.0.1 at Thu Jan 13 19:02:40 -1000 2011

ActionController::RoutingError (No route matches "/accounts/register"):
  

Rendered /usr/lib/ruby/gems/1.8/gems/actionpack-3.0.3/lib/action_dispatch/middleware/templates/rescues/routing_error.erb within rescues/layout (1.0ms)


Started GET "/accounts/login" for 127.0.0.1 at Thu Jan 13 19:02:43 -1000 2011

ActionController::RoutingError (No route matches "/accounts/login"):
  

Rendered /usr/lib/ruby/gems/1.8/gems/actionpack-3.0.3/lib/action_dispatch/middleware/templates/rescues/routing_error.erb within rescues/layout (0.8ms)


Started GET "/mentor_profiles/search" for 127.0.0.1 at Thu Jan 13 19:02:46 -1000 2011

ActionController::RoutingError (No route matches "/mentor_profiles/search"):
  

Rendered /usr/lib/ruby/gems/1.8/gems/actionpack-3.0.3/lib/action_dispatch/middleware/templates/rescues/routing_error.erb within rescues/layout (0.8ms)


Started GET "/" for 127.0.0.1 at Thu Jan 13 19:02:48 -1000 2011
  Processing by HomeController#index as HTML
Rendered home/index.html.erb within layouts/application (2.1ms)
Completed 200 OK in 8ms (Views: 7.7ms | ActiveRecord: 0.0ms)
DEPRECATION WARNING: ActionController::Base.cookie_verifier_secret= is deprecated. Please configure it on your application with config.secret_token=. (called from /home/gouser/Documents/ThoughtWorks-Village/config/initializers/cookie_verification_secret.rb:7)
DEPRECATION WARNING: ActionController::Base.cookie_verifier_secret= is deprecated. Please configure it on your application with config.secret_token=. (called from /home/gouser/Documents/ThoughtWorks-Village/config/initializers/cookie_verification_secret.rb:7)
DEPRECATION WARNING: ActionController::Base.cookie_verifier_secret= is deprecated. Please configure it on your application with config.secret_token=. (called from /home/gouser/Documents/ThoughtWorks-Village/config/initializers/cookie_verification_secret.rb:7)
DEPRECATION WARNING: ActionController::Base.cookie_verifier_secret= is deprecated. Please configure it on your application with config.secret_token=. (called from /home/gouser/Documents/ThoughtWorks-Village/config/initializers/cookie_verification_secret.rb:7)
DEPRECATION WARNING: ActionController::Base.cookie_verifier_secret= is deprecated. Please configure it on your application with config.secret_token=. (called from /home/gouser/Documents/ThoughtWorks-Village/config/initializers/cookie_verification_secret.rb:7)
  [1m[36mSQL (1.8ms)[0m  [1m SELECT name
 FROM sqlite_master
 WHERE type = 'table' AND NOT name = 'sqlite_sequence'
[0m
  [1m[35mSQL (0.4ms)[0m   SELECT name
 FROM sqlite_master
 WHERE type = 'table' AND NOT name = 'sqlite_sequence'
  [1m[36mSQL (0.2ms)[0m  [1mSELECT "schema_migrations"."version" FROM "schema_migrations"[0m
Migrating to CreateUsers (20110107060307)
Migrating to CreateMentors (20110114041808)
Migrating to CreateMentees (20110114041831)
Migrating to CreateRequests (20110114042052)
Migrating to CreateExperiences (20110114042645)
  [1m[35mSQL (0.1ms)[0m  select sqlite_version(*)
  [1m[36mSQL (0.9ms)[0m  [1mCREATE TABLE "experiences" ("id" INTEGER PRIMARY KEY AUTOINCREMENT NOT NULL, "type" varchar(255), "lengthInYears" integer, "comfortLevel" integer, "created_at" datetime, "updated_at" datetime) [0m
  [1m[35mSQL (0.6ms)[0m  INSERT INTO "schema_migrations" ("version") VALUES ('20110114042645')
Migrating to CreateSurveys (20110114044601)
  [1m[36mSQL (0.4ms)[0m  [1mCREATE TABLE "surveys" ("id" INTEGER PRIMARY KEY AUTOINCREMENT NOT NULL, "description" varchar(255), "created_at" datetime, "updated_at" datetime) [0m
  [1m[35mSQL (0.1ms)[0m  INSERT INTO "schema_migrations" ("version") VALUES ('20110114044601')
Migrating to CreateQuestions (20110114050409)
  [1m[36mSQL (0.5ms)[0m  [1mCREATE TABLE "questions" ("id" INTEGER PRIMARY KEY AUTOINCREMENT NOT NULL, "questionText" varchar(255), "created_at" datetime, "updated_at" datetime) [0m
  [1m[35mSQL (0.2ms)[0m  INSERT INTO "schema_migrations" ("version") VALUES ('20110114050409')
Migrating to CreateResponses (20110114050435)
  [1m[36mSQL (0.5ms)[0m  [1mCREATE TABLE "responses" ("id" INTEGER PRIMARY KEY AUTOINCREMENT NOT NULL, "responseText" varchar(255), "created_at" datetime, "updated_at" datetime) [0m
  [1m[35mSQL (0.1ms)[0m  INSERT INTO "schema_migrations" ("version") VALUES ('20110114050435')
Migrating to CreateAvailabilityCalendars (20110114050838)
  [1m[36mSQL (1.0ms)[0m  [1mCREATE TABLE "availability_calendars" ("id" INTEGER PRIMARY KEY AUTOINCREMENT NOT NULL, "availabilityQuotient" integer, "created_at" datetime, "updated_at" datetime) [0m
  [1m[35mSQL (0.3ms)[0m  INSERT INTO "schema_migrations" ("version") VALUES ('20110114050838')
Migrating to CreateAvailabilityDays (20110114051403)
  [1m[36mSQL (0.9ms)[0m  [1mCREATE TABLE "availability_days" ("id" INTEGER PRIMARY KEY AUTOINCREMENT NOT NULL, "availabilityDay" date, "availability" varchar(255), "created_at" datetime, "updated_at" datetime) [0m
  [1m[35mSQL (0.2ms)[0m  INSERT INTO "schema_migrations" ("version") VALUES ('20110114051403')
  [1m[36mSQL (0.2ms)[0m  [1m SELECT name
 FROM sqlite_master
 WHERE type = 'table' AND NOT name = 'sqlite_sequence'
[0m
  [1m[35mSQL (0.2ms)[0m  SELECT "schema_migrations"."version" FROM "schema_migrations"
  [1m[36mSQL (0.2ms)[0m  [1m SELECT name
 FROM sqlite_master
 WHERE type = 'table' AND NOT name = 'sqlite_sequence'
[0m
  [1m[35mSQL (0.0ms)[0m  PRAGMA index_list("availability_calendars")
  [1m[36mSQL (0.0ms)[0m  [1mPRAGMA index_list("availability_days")[0m
  [1m[35mSQL (0.0ms)[0m  PRAGMA index_list("experiences")
  [1m[36mSQL (0.0ms)[0m  [1mPRAGMA index_list("mentees")[0m
  [1m[35mSQL (0.0ms)[0m  PRAGMA index_list("mentors")
  [1m[36mSQL (0.1ms)[0m  [1mPRAGMA index_list("questions")[0m
  [1m[35mSQL (7.5ms)[0m  PRAGMA index_list("requests")
  [1m[36mSQL (0.0ms)[0m  [1mPRAGMA index_list("responses")[0m
  [1m[35mSQL (0.0ms)[0m  PRAGMA index_list("surveys")
  [1m[36mSQL (0.2ms)[0m  [1mPRAGMA index_list("users")[0m
